e:\codeblock\visuacode\luyentap\luyentap\release\vc140.pdb
e:\codeblock\visuacode\luyentap\luyentap\release\time.obj
e:\codeblock\visuacode\luyentap\luyentap\release\thispoint.obj
e:\codeblock\visuacode\luyentap\luyentap\release\statickey.obj
e:\codeblock\visuacode\luyentap\luyentap\release\saochepobject.obj
e:\codeblock\visuacode\luyentap\luyentap\release\sale.obj
e:\codeblock\visuacode\luyentap\luyentap\release\returnref.obj
e:\codeblock\visuacode\luyentap\luyentap\release\main.obj
e:\codeblock\visuacode\luyentap\luyentap\release\linkfunction.obj
e:\codeblock\visuacode\luyentap\luyentap\release\fiendcount.obj
e:\codeblock\visuacode\luyentap\luyentap\release\fibo.obj
e:\codeblock\visuacode\luyentap\luyentap\release\count.obj
e:\codeblock\visuacode\luyentap\luyentap\release\employeedemo.obj
e:\codeblock\visuacode\luyentap\luyentap\release\destructor.obj
e:\codeblock\visuacode\luyentap\luyentap\release\cstringexam.obj
e:\codeblock\visuacode\luyentap\luyentap\release\constobject.obj
e:\codeblock\visuacode\luyentap\luyentap\release\constfield.obj
e:\codeblock\visuacode\luyentap\release\luyentap.exe
e:\codeblock\visuacode\luyentap\release\luyentap.ipdb
e:\codeblock\visuacode\luyentap\release\luyentap.iobj
e:\codeblock\visuacode\luyentap\release\luyentap.pdb
e:\codeblock\visuacode\luyentap\luyentap\release\luyentap.tlog\cl.command.1.tlog
e:\codeblock\visuacode\luyentap\luyentap\release\luyentap.tlog\cl.read.1.tlog
e:\codeblock\visuacode\luyentap\luyentap\release\luyentap.tlog\cl.write.1.tlog
e:\codeblock\visuacode\luyentap\luyentap\release\luyentap.tlog\link.command.1.tlog
e:\codeblock\visuacode\luyentap\luyentap\release\luyentap.tlog\link.read.1.tlog
e:\codeblock\visuacode\luyentap\luyentap\release\luyentap.tlog\link.write.1.tlog
