  constField.cpp
  constObject.cpp
  cstringexam.cpp
  Destructor.cpp
  EmployeeDemo.cpp
  Count.cpp
  fibo.cpp
  fiendCount.cpp
  linkfunction.cpp
  main.cpp
  returnRef.cpp
  Sale.cpp
  SaoChepObject.cpp
  staticKey.cpp
  thisPoint.cpp
  Time.cpp
  Generating code
  All 18 functions were compiled because no usable IPDB/IOBJ from previous compilation was found.
  Finished generating code
  luyentap.vcxproj -> E:\CodeBlock\VisuaCode\luyentap\Release\luyentap.exe
  luyentap.vcxproj -> E:\CodeBlock\VisuaCode\luyentap\Release\luyentap.pdb (Full PDB)
