e:\codeblock\visuacode\luyentap\luyentap\debug\vc140.pdb
e:\codeblock\visuacode\luyentap\luyentap\debug\vc140.idb
e:\codeblock\visuacode\luyentap\luyentap\debug\constfield.obj
e:\codeblock\visuacode\luyentap\luyentap\debug\constobject.obj
e:\codeblock\visuacode\luyentap\luyentap\debug\cstringexam.obj
e:\codeblock\visuacode\luyentap\luyentap\debug\destructor.obj
e:\codeblock\visuacode\luyentap\luyentap\debug\employeedemo.obj
e:\codeblock\visuacode\luyentap\luyentap\debug\count.obj
e:\codeblock\visuacode\luyentap\luyentap\debug\fibo.obj
e:\codeblock\visuacode\luyentap\luyentap\debug\fiendcount.obj
e:\codeblock\visuacode\luyentap\luyentap\debug\linkfunction.obj
e:\codeblock\visuacode\luyentap\luyentap\debug\main.obj
e:\codeblock\visuacode\luyentap\luyentap\debug\returnref.obj
e:\codeblock\visuacode\luyentap\luyentap\debug\sale.obj
e:\codeblock\visuacode\luyentap\luyentap\debug\saochepobject.obj
e:\codeblock\visuacode\luyentap\luyentap\debug\statickey.obj
e:\codeblock\visuacode\luyentap\luyentap\debug\thispoint.obj
e:\codeblock\visuacode\luyentap\luyentap\debug\time.obj
e:\codeblock\visuacode\luyentap\debug\luyentap.exe
e:\codeblock\visuacode\luyentap\luyentap\debug\luyentap.tlog\cl.command.1.tlog
e:\codeblock\visuacode\luyentap\luyentap\debug\luyentap.tlog\cl.read.1.tlog
e:\codeblock\visuacode\luyentap\luyentap\debug\luyentap.tlog\cl.write.1.tlog
e:\codeblock\visuacode\luyentap\luyentap\debug\luyentap.tlog\link.command.1.tlog
e:\codeblock\visuacode\luyentap\luyentap\debug\luyentap.tlog\link.read.1.tlog
e:\codeblock\visuacode\luyentap\luyentap\debug\luyentap.tlog\link.write.1.tlog
